<?xml version="1.0" encoding="UTF-8"?>
<!-- Generated by org.testng.reporters.JUnitReportReporter -->
<testsuite hostname="DESKTOP-F7BB2I4" failures="0" tests="1" name="driverFactory.Apptest_Emp" time="33.907" errors="0" timestamp="2022-12-29T22:56:04 IST" skipped="0">
  <testcase classname="driverFactory.Apptest_Emp" name="startTest" time="33.907"/>
  <system-out>
    <![CDATA[No of rows are::11
Add Emp Success::7584     7584
Add Emp Success::7585     7585
Add Emp Success::7586     7586
Add Emp Success::7587     7587
Add Emp Success::7588     7588
Add Emp Success::7589     7589
Add Emp Success::7590     7590
Add Emp Success::7591     7591
Add Emp Success::7592     7592
Add Emp Success::7593     7593
Add Emp Success::7594     7594]]>
  </system-out>
</testsuite> <!-- driverFactory.Apptest_Emp -->
